c:\users\usuario\documents\visual studio 2015\projects\tp_complejidad\tp_complejidad\debug\vc140.pdb
c:\users\usuario\documents\visual studio 2015\projects\tp_complejidad\tp_complejidad\debug\reinas.obj
c:\users\usuario\documents\visual studio 2015\projects\tp_complejidad\tp_complejidad\debug\mapa.obj
c:\users\usuario\documents\visual studio 2015\projects\tp_complejidad\tp_complejidad\debug\.netframework,version=v4.5.2.assemblyattributes.obj
c:\users\usuario\documents\visual studio 2015\projects\tp_complejidad\tp_complejidad\debug\.netframework,version=v4.5.2.assemblyattributes.asm
c:\users\usuario\documents\visual studio 2015\projects\tp_complejidad\debug\tp_complejidad.exe
c:\users\usuario\documents\visual studio 2015\projects\tp_complejidad\debug\tp_complejidad.pdb
c:\users\usuario\documents\visual studio 2015\projects\tp_complejidad\tp_complejidad\debug\tp_complejidad.reinas.resources
c:\users\usuario\documents\visual studio 2015\projects\tp_complejidad\tp_complejidad\debug\tp_complejidad.vcxproj.generateresource.cache
c:\users\usuario\documents\visual studio 2015\projects\tp_complejidad\tp_complejidad\debug\tp_complejidad.vcxprojresolveassemblyreference.cache
c:\users\usuario\documents\visual studio 2015\projects\tp_complejidad\tp_complejidad\debug\tp_complejidad.tlog\cl.command.1.tlog
c:\users\usuario\documents\visual studio 2015\projects\tp_complejidad\tp_complejidad\debug\tp_complejidad.tlog\cl.read.1.tlog
c:\users\usuario\documents\visual studio 2015\projects\tp_complejidad\tp_complejidad\debug\tp_complejidad.tlog\cl.write.1.tlog
c:\users\usuario\documents\visual studio 2015\projects\tp_complejidad\tp_complejidad\debug\tp_complejidad.tlog\link.command.1.tlog
c:\users\usuario\documents\visual studio 2015\projects\tp_complejidad\tp_complejidad\debug\tp_complejidad.tlog\link.read.1.tlog
c:\users\usuario\documents\visual studio 2015\projects\tp_complejidad\tp_complejidad\debug\tp_complejidad.tlog\link.write.1.tlog
c:\users\usuario\documents\visual studio 2015\projects\tp_complejidad\tp_complejidad\debug\tp_complejidad.tlog\metagen.read.1.tlog
c:\users\usuario\documents\visual studio 2015\projects\tp_complejidad\tp_complejidad\debug\tp_complejidad.tlog\metagen.write.1.tlog
c:\users\usuario\documents\visual studio 2015\projects\tp_complejidad\tp_complejidad\debug\tp_complejidad.tlog\tp_complejidad.write.1u.tlog
c:\users\usuario\documents\visual studio 2015\projects\tp_complejidad\tp_complejidad\debug\tp_complejidad.tlog\tzres.dll.bi
